<?xml version="1.0" encoding="UTF-8"?>
<!-- Generated by org.testng.reporters.JUnitReportReporter -->
<testsuite hostname="DESKTOP-MRAEKV3" failures="0" tests="1" name="gitRepo.Bharath1" time="17.204" errors="0" timestamp="2024-09-08T21:23:19 IST" skipped="0">
  <testcase classname="gitRepo.Bharath1" name="om" time="17.204"/>
  <system-out/>
</testsuite> <!-- gitRepo.Bharath1 -->
