<?xml version="1.0" encoding="UTF-8"?>
<!-- Generated by org.testng.reporters.JUnitReportReporter -->
<testsuite hostname="DESKTOP-MRAEKV3" failures="0" tests="1" name="gitRepo.Login" time="22.800" errors="0" timestamp="2024-09-10T21:05:01 IST" skipped="0">
  <testcase classname="gitRepo.Login" name="siva" time="22.800"/>
</testsuite> <!-- gitRepo.Login -->
